Flutter crash report; please file at https://github.com/flutter/flutter/issues.

## command

flutter packages get

## exception

FileSystemException: FileSystemException: Failed to set file modification time, path = '/home/kszxpo/Development/Native/jagobisnis/.packages' (OS Error: Operation not permitted, errno = 1)

```
#0      _File.setLastModifiedSync (dart:io/file_impl.dart:473:7)
#1      ForwardingFile.setLastModifiedSync (package:file/src/forwarding/forwarding_file.dart:62:55)
#2      ForwardingFile.setLastModifiedSync (package:file/src/forwarding/forwarding_file.dart:62:55)
#3      _DefaultPub.get (package:flutter_tools/src/dart/pub.dart:213:19)
#4      _rootRunUnary (dart:async/zone.dart:1192:38)
#5      _CustomZone.runUnary (dart:async/zone.dart:1085:19)
#6      _FutureListener.handleValue (dart:async/future_impl.dart:141:18)
#7      Future._propagateToListeners.handleValueCallback (dart:async/future_impl.dart:682:45)
#8      Future._propagateToListeners (dart:async/future_impl.dart:711:32)
#9      Future._completeWithValue (dart:async/future_impl.dart:526:5)
#10     _AsyncAwaitCompleter.complete (dart:async-patch/async_patch.dart:36:15)
#11     _completeOnAsyncReturn (dart:async-patch/async_patch.dart:298:13)
#12     _DefaultPub.batch (package:flutter_tools/src/dart/pub.dart)
#13     _rootRunUnary (dart:async/zone.dart:1192:38)
#14     _CustomZone.runUnary (dart:async/zone.dart:1085:19)
#15     _FutureListener.handleValue (dart:async/future_impl.dart:141:18)
#16     Future._propagateToListeners.handleValueCallback (dart:async/future_impl.dart:682:45)
#17     Future._propagateToListeners (dart:async/future_impl.dart:711:32)
#18     Future._completeWithValue (dart:async/future_impl.dart:526:5)
#19     _AsyncAwaitCompleter.complete (dart:async-patch/async_patch.dart:36:15)
#20     _completeOnAsyncReturn (dart:async-patch/async_patch.dart:298:13)
#21     _DefaultProcessUtils.stream (package:flutter_tools/src/base/process.dart)
#22     _rootRunUnary (dart:async/zone.dart:1192:38)
#23     _CustomZone.runUnary (dart:async/zone.dart:1085:19)
#24     _FutureListener.handleValue (dart:async/future_impl.dart:141:18)
#25     Future._propagateToListeners.handleValueCallback (dart:async/future_impl.dart:682:45)
#26     Future._propagateToListeners (dart:async/future_impl.dart:711:32)
#27     Future._completeWithValue (dart:async/future_impl.dart:526:5)
#28     Future._asyncComplete.<anonymous closure> (dart:async/future_impl.dart:556:7)
#29     _rootRun (dart:async/zone.dart:1184:13)
#30     _CustomZone.run (dart:async/zone.dart:1077:19)
#31     _CustomZone.runGuarded (dart:async/zone.dart:979:7)
#32     _CustomZone.bindCallbackGuarded.<anonymous closure> (dart:async/zone.dart:1019:23)
#33     _microtaskLoop (dart:async/schedule_microtask.dart:43:21)
#34     _startMicrotaskLoop (dart:async/schedule_microtask.dart:52:5)
#35     _runPendingImmediateCallback (dart:isolate-patch/isolate_patch.dart:118:13)
#36     _RawReceivePortImpl._handleMessage (dart:isolate-patch/isolate_patch.dart:169:5)
```

## flutter doctor

```
[✓] Flutter (Channel stable, v1.17.5, on Linux, locale en_US.UTF-8)
    • Flutter version 1.17.5 at /home/kszxpo/flutter
    • Framework revision 8af6b2f038 (3 weeks ago), 2020-06-30 12:53:55 -0700
    • Engine revision ee76268252
    • Dart version 2.8.4

[✓] Android toolchain - develop for Android devices (Android SDK version 30.0.0)
    • Android SDK at /usr/lib/android-sdk
    • Platform android-30, build-tools 30.0.0
    • ANDROID_HOME = /usr/lib/android-sdk
    • Java binary at: /home/kszxpo/Development/AndroidStudio/jre/bin/java
    • Java version OpenJDK Runtime Environment (build 1.8.0_242-release-1644-b3-6222593)
    • All Android licenses accepted.

[✓] Android Studio (version 4.0)
    • Android Studio at /home/kszxpo/Development/AndroidStudio
    • Flutter plugin version 47.1.2
    • Dart plugin version 193.7361
    • Java version OpenJDK Runtime Environment (build 1.8.0_242-release-1644-b3-6222593)

[✓] VS Code (version 1.35.1)
    • VS Code at /usr/share/code
    • Flutter extension version 3.2.0

[✓] Connected device (1 available)
    • Infinix X650C • 054262501D001269 • android-arm64 • Android 9 (API 28)

• No issues found!
```
