Flutter crash report; please file at https://github.com/flutter/flutter/issues.

## command

flutter run --machine -t lib/main.dart -d 054262501D001269 --track-widget-creation --start-paused

## exception

FileSystemException: FileSystemException: Failed to set file modification time, path = '/home/kszxpo/Development/Native/jagobisnis/.packages' (OS Error: Operation not permitted, errno = 1)

```
#0      _File.setLastModifiedSync (dart:io/file_impl.dart:473:7)
#1      ForwardingFile.setLastModifiedSync (package:file/src/forwarding/forwarding_file.dart:62:55)
#2      ForwardingFile.setLastModifiedSync (package:file/src/forwarding/forwarding_file.dart:62:55)
#3      _DefaultPub.get (package:flutter_tools/src/dart/pub.dart:213:19)
#4      FlutterCommand.verifyThenRunCommand (package:flutter_tools/src/runner/flutter_command.dart:706:17)
<asynchronous suspension>
#5      FlutterCommand.run.<anonymous closure> (package:flutter_tools/src/runner/flutter_command.dart:620:33)
<asynchronous suspension>
#6      FlutterCommand.run.<anonymous closure> (package:flutter_tools/src/runner/flutter_command.dart)
#7      AppContext.run.<anonymous closure> (package:flutter_tools/src/base/context.dart:150:29)
#8      _rootRun (dart:async/zone.dart:1184:13)
#9      _CustomZone.run (dart:async/zone.dart:1077:19)
#10     _runZoned (dart:async/zone.dart:1619:10)
#11     runZoned (dart:async/zone.dart:1539:10)
#12     AppContext.run (package:flutter_tools/src/base/context.dart:149:18)
#13     FlutterCommand.run (package:flutter_tools/src/runner/flutter_command.dart:610:20)
#14     CommandRunner.runCommand (package:args/command_runner.dart:197:27)
#15     FlutterCommandRunner.runCommand.<anonymous closure> (package:flutter_tools/src/runner/flutter_command_runner.dart:339:21)
<asynchronous suspension>
#16     FlutterCommandRunner.runCommand.<anonymous closure> (package:flutter_tools/src/runner/flutter_command_runner.dart)
#17     AppContext.run.<anonymous closure> (package:flutter_tools/src/base/context.dart:150:29)
#18     _rootRun (dart:async/zone.dart:1184:13)
#19     _CustomZone.run (dart:async/zone.dart:1077:19)
#20     _runZoned (dart:async/zone.dart:1619:10)
#21     runZoned (dart:async/zone.dart:1539:10)
#22     AppContext.run (package:flutter_tools/src/base/context.dart:149:18)
#23     FlutterCommandRunner.runCommand (package:flutter_tools/src/runner/flutter_command_runner.dart:288:19)
#24     CommandRunner.run.<anonymous closure> (package:args/command_runner.dart:112:25)
#25     new Future.sync (dart:async/future.dart:224:31)
#26     CommandRunner.run (package:args/command_runner.dart:112:14)
#27     FlutterCommandRunner.run (package:flutter_tools/src/runner/flutter_command_runner.dart:231:18)
#28     run.<anonymous closure>.<anonymous closure> (package:flutter_tools/runner.dart:63:22)
#29     _rootRun (dart:async/zone.dart:1184:13)
#30     _CustomZone.run (dart:async/zone.dart:1077:19)
#31     _runZoned (dart:async/zone.dart:1619:10)
#32     runZonedGuarded (dart:async/zone.dart:1608:12)
#33     runZoned (dart:async/zone.dart:1536:12)
#34     run.<anonymous closure> (package:flutter_tools/runner.dart:61:18)
<asynchronous suspension>
#35     run.<anonymous closure> (package:flutter_tools/runner.dart)
#36     runInContext.runnerWrapper (package:flutter_tools/src/context_runner.dart:64:18)
<asynchronous suspension>
#37     runInContext.runnerWrapper (package:flutter_tools/src/context_runner.dart)
#38     AppContext.run.<anonymous closure> (package:flutter_tools/src/base/context.dart:150:29)
#39     _rootRun (dart:async/zone.dart:1184:13)
#40     _CustomZone.run (dart:async/zone.dart:1077:19)
#41     _runZoned (dart:async/zone.dart:1619:10)
#42     runZoned (dart:async/zone.dart:1539:10)
#43     AppContext.run (package:flutter_tools/src/base/context.dart:149:18)
#44     runInContext (package:flutter_tools/src/context_runner.dart:67:24)
#45     run (package:flutter_tools/runner.dart:48:10)
#46     main (package:flutter_tools/executable.dart:69:9)
#47     main (file:///home/kszxpo/flutter/packages/flutter_tools/bin/flutter_tools.dart:8:3)
#48     _startIsolate.<anonymous closure> (dart:isolate-patch/isolate_patch.dart:299:32)
#49     _RawReceivePortImpl._handleMessage (dart:isolate-patch/isolate_patch.dart:168:12)
```

## flutter doctor

```
[✓] Flutter (Channel stable, v1.17.5, on Linux, locale en_US.UTF-8)
    • Flutter version 1.17.5 at /home/kszxpo/flutter
    • Framework revision 8af6b2f038 (3 weeks ago), 2020-06-30 12:53:55 -0700
    • Engine revision ee76268252
    • Dart version 2.8.4

[✓] Android toolchain - develop for Android devices (Android SDK version 30.0.0)
    • Android SDK at /usr/lib/android-sdk
    • Platform android-30, build-tools 30.0.0
    • ANDROID_HOME = /usr/lib/android-sdk
    • Java binary at: /home/kszxpo/Development/AndroidStudio/jre/bin/java
    • Java version OpenJDK Runtime Environment (build 1.8.0_242-release-1644-b3-6222593)
    • All Android licenses accepted.

[✓] Android Studio (version 4.0)
    • Android Studio at /home/kszxpo/Development/AndroidStudio
    • Flutter plugin version 47.1.2
    • Dart plugin version 193.7361
    • Java version OpenJDK Runtime Environment (build 1.8.0_242-release-1644-b3-6222593)

[✓] VS Code (version 1.35.1)
    • VS Code at /usr/share/code
    • Flutter extension version 3.2.0

[✓] Connected device (1 available)
    • Infinix X650C • 054262501D001269 • android-arm64 • Android 9 (API 28)

• No issues found!
```
